Determining if the pthread_create exist failed with the following output:
Change Dir: /home/sergey/catkin_ws/build/CMakeFiles/CMakeTmp

Run Build Command:"/usr/bin/make" "cmTC_b9304/fast"
/usr/bin/make -f CMakeFiles/cmTC_b9304.dir/build.make CMakeFiles/cmTC_b9304.dir/build
make[1]: Entering directory '/home/sergey/catkin_ws/build/CMakeFiles/CMakeTmp'
Building C object CMakeFiles/cmTC_b9304.dir/CheckSymbolExists.c.o
/usr/bin/cc     -o CMakeFiles/cmTC_b9304.dir/CheckSymbolExists.c.o   -c /home/sergey/catkin_ws/build/CMakeFiles/CMakeTmp/CheckSymbolExists.c
Linking C executable cmTC_b9304
/usr/bin/cmake -E cmake_link_script CMakeFiles/cmTC_b9304.dir/link.txt --verbose=1
/usr/bin/cc       CMakeFiles/cmTC_b9304.dir/CheckSymbolExists.c.o  -o cmTC_b9304 -rdynamic 
CMakeFiles/cmTC_b9304.dir/CheckSymbolExists.c.o: In function `main':
CheckSymbolExists.c:(.text+0x16): undefined reference to `pthread_create'
collect2: error: ld returned 1 exit status
CMakeFiles/cmTC_b9304.dir/build.make:97: recipe for target 'cmTC_b9304' failed
make[1]: *** [cmTC_b9304] Error 1
make[1]: Leaving directory '/home/sergey/catkin_ws/build/CMakeFiles/CMakeTmp'
Makefile:126: recipe for target 'cmTC_b9304/fast' failed
make: *** [cmTC_b9304/fast] Error 2

File /home/sergey/catkin_ws/build/CMakeFiles/CMakeTmp/CheckSymbolExists.c:
/* */
#include <pthread.h>

int main(int argc, char** argv)
{
  (void)argv;
#ifndef pthread_create
  return ((int*)(&pthread_create))[argc];
#else
  (void)argc;
  return 0;
#endif
}

Determining if the function pthread_create exists in the pthreads failed with the following output:
Change Dir: /home/sergey/catkin_ws/build/CMakeFiles/CMakeTmp

Run Build Command:"/usr/bin/make" "cmTC_059f1/fast"
/usr/bin/make -f CMakeFiles/cmTC_059f1.dir/build.make CMakeFiles/cmTC_059f1.dir/build
make[1]: Entering directory '/home/sergey/catkin_ws/build/CMakeFiles/CMakeTmp'
Building C object CMakeFiles/cmTC_059f1.dir/CheckFunctionExists.c.o
/usr/bin/cc    -DCHECK_FUNCTION_EXISTS=pthread_create   -o CMakeFiles/cmTC_059f1.dir/CheckFunctionExists.c.o   -c /usr/share/cmake-3.5/Modules/CheckFunctionExists.c
Linking C executable cmTC_059f1
/usr/bin/cmake -E cmake_link_script CMakeFiles/cmTC_059f1.dir/link.txt --verbose=1
/usr/bin/cc   -DCHECK_FUNCTION_EXISTS=pthread_create    CMakeFiles/cmTC_059f1.dir/CheckFunctionExists.c.o  -o cmTC_059f1 -rdynamic -lpthreads 
/usr/bin/ld: cannot find -lpthreads
collect2: error: ld returned 1 exit status
CMakeFiles/cmTC_059f1.dir/build.make:97: recipe for target 'cmTC_059f1' failed
make[1]: *** [cmTC_059f1] Error 1
make[1]: Leaving directory '/home/sergey/catkin_ws/build/CMakeFiles/CMakeTmp'
Makefile:126: recipe for target 'cmTC_059f1/fast' failed
make: *** [cmTC_059f1/fast] Error 2


